{"/Users/alicecheung/Makers/javascript-refresher/spec/QuestionsSpec.js":{"path":"/Users/alicecheung/Makers/javascript-refresher/spec/QuestionsSpec.js","s":{"1":1,"2":0,"3":0,"4":0,"5":0,"6":0,"7":0},"b":{},"f":{"1":0,"2":0,"3":0},"fnMap":{"1":{"name":"(anonymous_1)","line":1,"loc":{"start":{"line":1,"column":22},"end":{"line":1,"column":34}}},"2":{"name":"(anonymous_2)","line":4,"loc":{"start":{"line":4,"column":13},"end":{"line":4,"column":25}}},"3":{"name":"(anonymous_3)","line":8,"loc":{"start":{"line":8,"column":45},"end":{"line":8,"column":57}}}},"statementMap":{"1":{"start":{"line":1,"column":0},"end":{"line":12,"column":3}},"2":{"start":{"line":2,"column":2},"end":{"line":2,"column":16}},"3":{"start":{"line":4,"column":2},"end":{"line":6,"column":5}},"4":{"start":{"line":5,"column":4},"end":{"line":5,"column":32}},"5":{"start":{"line":8,"column":2},"end":{"line":11,"column":5}},"6":{"start":{"line":9,"column":4},"end":{"line":9,"column":57}},"7":{"start":{"line":10,"column":4},"end":{"line":10,"column":85}}},"branchMap":{}}}